<?xml version="1.0" encoding="UTF-8"?>
<testng-results skipped="0" failed="0" ignored="0" total="2" passed="2">
  <reporter-output>
    <line>
      <![CDATA[BizViz Surveydisplayed]]>
    </line>
    <line>
      <![CDATA[Successfully created survey]]>
    </line>
    <line>
      <![CDATA[successfully sent mails]]>
    </line>
  </reporter-output>
  <suite name="Default suite" duration-ms="128147" started-at="2018-06-11T11:34:18Z" finished-at="2018-06-11T11:36:26Z">
    <groups>
    </groups>
    <test name="Default test" duration-ms="128147" started-at="2018-06-11T11:34:18Z" finished-at="2018-06-11T11:36:26Z">
      <class name="com.bizviz.survey.ST1">
        <test-method status="PASS" signature="configBC()[pri:0, instance:com.bizviz.survey.ST1@480bdb19]" name="configBC" is-config="true" duration-ms="3284" started-at="2018-06-11T11:34:18Z" finished-at="2018-06-11T11:34:21Z">
          <reporter-output>
          </reporter-output>
        </test-method> <!-- configBC -->
        <test-method status="PASS" signature="configBm()[pri:0, instance:com.bizviz.survey.ST1@480bdb19]" name="configBm" is-config="true" duration-ms="3407" started-at="2018-06-11T11:34:21Z" finished-at="2018-06-11T11:34:24Z">
          <reporter-output>
          </reporter-output>
        </test-method> <!-- configBm -->
        <test-method status="PASS" signature="createSurveyTest()[pri:1, instance:com.bizviz.survey.ST1@480bdb19]" name="createSurveyTest" duration-ms="41760" started-at="2018-06-11T11:34:24Z" finished-at="2018-06-11T11:35:06Z">
          <reporter-output>
            <line>
              <![CDATA[BizViz Surveydisplayed]]>
            </line>
            <line>
              <![CDATA[Successfully created survey]]>
            </line>
          </reporter-output>
        </test-method> <!-- createSurveyTest -->
        <test-method status="PASS" signature="configAM()[pri:0, instance:com.bizviz.survey.ST1@480bdb19]" name="configAM" is-config="true" duration-ms="10343" started-at="2018-06-11T11:35:06Z" finished-at="2018-06-11T11:35:16Z">
          <reporter-output>
          </reporter-output>
        </test-method> <!-- configAM -->
        <test-method status="PASS" signature="configBm()[pri:0, instance:com.bizviz.survey.ST1@480bdb19]" name="configBm" is-config="true" duration-ms="609" started-at="2018-06-11T11:35:16Z" finished-at="2018-06-11T11:35:17Z">
          <reporter-output>
          </reporter-output>
        </test-method> <!-- configBm -->
        <test-method status="PASS" signature="PublishSurvey()[pri:2, instance:com.bizviz.survey.ST1@480bdb19]" name="PublishSurvey" duration-ms="57959" started-at="2018-06-11T11:35:17Z" finished-at="2018-06-11T11:36:15Z">
          <reporter-output>
            <line>
              <![CDATA[successfully sent mails]]>
            </line>
          </reporter-output>
        </test-method> <!-- PublishSurvey -->
        <test-method status="PASS" signature="configAM()[pri:0, instance:com.bizviz.survey.ST1@480bdb19]" name="configAM" is-config="true" duration-ms="10391" started-at="2018-06-11T11:36:15Z" finished-at="2018-06-11T11:36:25Z">
          <reporter-output>
          </reporter-output>
        </test-method> <!-- configAM -->
        <test-method status="PASS" signature="configAC()[pri:0, instance:com.bizviz.survey.ST1@480bdb19]" name="configAC" is-config="true" duration-ms="355" started-at="2018-06-11T11:36:25Z" finished-at="2018-06-11T11:36:26Z">
          <reporter-output>
          </reporter-output>
        </test-method> <!-- configAC -->
      </class> <!-- com.bizviz.survey.ST1 -->
    </test> <!-- Default test -->
  </suite> <!-- Default suite -->
</testng-results>
