<?xml version="1.0" encoding="UTF-8"?>
<!-- Generated by org.testng.reporters.JUnitXMLReporter -->
<testsuite hostname="BDISYSBLORLP010" ignored="2" name="Test" tests="3" failures="1" timestamp="06 Aug 2018 13:37:49 GMT" time="19.066" errors="0">
  <testcase name="@BeforeClass configBC" time="6.222" classname="com.bizviz.genericlib.BaseClass">
    <failure type="java.lang.NullPointerException">
      <![CDATA[java.lang.NullPointerException
at org.openqa.selenium.support.pagefactory.internal.LocatingElementHandler.invoke(LocatingElementHandler.java:51)
at com.sun.proxy.$Proxy9.sendKeys(Unknown Source)
at com.bizviz.objectrepositorylib.Login.login(Login.java:44)
at com.bizviz.genericlib.BaseClass.configBC(BaseClass.java:54)
... Removed 30 stack frames]]>
    </failure>
  </testcase> <!-- @BeforeClass configBC -->
  <testcase name="@AfterClass configAC" time="0.0" classname="com.bizviz.genericlib.BaseClass">
    <skipped/>
  </testcase> <!-- @AfterClass configAC -->
  <testcase name="@AfterClass configAC" time="0.0" classname="com.bizviz.genericlib.BaseClass">
    <skipped/>
  </testcase> <!-- @AfterClass configAC -->
  <testcase name="DeleteSurvey" time="2.194" classname="com.bizviz.survey.ST2">
    <failure type="java.lang.NullPointerException">
      <![CDATA[java.lang.NullPointerException
at org.openqa.selenium.support.pagefactory.internal.LocatingElementHandler.invoke(LocatingElementHandler.java:51)
at com.sun.proxy.$Proxy9.click(Unknown Source)
at com.bizviz.survey.ST2.DeleteSurvey(ST2.java:189)
... Removed 29 stack frames]]>
    </failure>
  </testcase> <!-- DeleteSurvey -->
  <testcase name="CreateSentimentUsingExcel" time="0.0" classname="com.bizviz.sentiment.SentimetTest">
    <skipped/>
  </testcase> <!-- CreateSentimentUsingExcel -->
  <testcase name="createSurveyTest" time="0.0" classname="com.bizviz.survey.ST2">
    <skipped/>
  </testcase> <!-- createSurveyTest -->
  <testcase name="PublishSurvey" time="0.0" classname="com.bizviz.survey.ST2">
    <ignored/>
  </testcase> <!-- PublishSurvey -->
  <testcase name="PreviewSurvey" time="0.0" classname="com.bizviz.survey.ST2">
    <ignored/>
  </testcase> <!-- PreviewSurvey -->
</testsuite> <!-- Test -->
